

Started GET "/" for 127.0.0.1 at 2016-10-03 14:58:27 +0530

Mysql2::Error (Access denied for user 'root'@'localhost' (using password: NO)):
  mysql2 (0.4.4) lib/mysql2/client.rb:87:in `connect'
  mysql2 (0.4.4) lib/mysql2/client.rb:87:in `initialize'
  activerecord (4.2.5) lib/active_record/connection_adapters/mysql2_adapter.rb:18:in `new'
  activerecord (4.2.5) lib/active_record/connection_adapters/mysql2_adapter.rb:18:in `mysql2_connection'
  activerecord (4.2.5) lib/active_record/connection_adapters/abstract/connection_pool.rb:438:in `new_connection'
  activerecord (4.2.5) lib/active_record/connection_adapters/abstract/connection_pool.rb:448:in `checkout_new_connection'
  activerecord (4.2.5) lib/active_record/connection_adapters/abstract/connection_pool.rb:422:in `acquire_connection'
  activerecord (4.2.5) lib/active_record/connection_adapters/abstract/connection_pool.rb:349:in `block in checkout'
  /home/local/BLR/ishwar.kumar/.rubies/ruby-2.3.0/lib/ruby/2.3.0/monitor.rb:214:in `mon_synchronize'
  activerecord (4.2.5) lib/active_record/connection_adapters/abstract/connection_pool.rb:348:in `checkout'
  activerecord (4.2.5) lib/active_record/connection_adapters/abstract/connection_pool.rb:263:in `block in connection'
  /home/local/BLR/ishwar.kumar/.rubies/ruby-2.3.0/lib/ruby/2.3.0/monitor.rb:214:in `mon_synchronize'
  activerecord (4.2.5) lib/active_record/connection_adapters/abstract/connection_pool.rb:262:in `connection'
  activerecord (4.2.5) lib/active_record/connection_adapters/abstract/connection_pool.rb:571:in `retrieve_connection'
  activerecord (4.2.5) lib/active_record/connection_handling.rb:113:in `retrieve_connection'
  activerecord (4.2.5) lib/active_record/connection_handling.rb:87:in `connection'
  activerecord (4.2.5) lib/active_record/migration.rb:383:in `connection'
  activerecord (4.2.5) lib/active_record/migration.rb:370:in `call'
  actionpack (4.2.5) lib/action_dispatch/middleware/callbacks.rb:29:in `block in call'
  activesupport (4.2.5) lib/active_support/callbacks.rb:88:in `__run_callbacks__'
  activesupport (4.2.5) lib/active_support/callbacks.rb:778:in `_run_call_callbacks'
  activesupport (4.2.5) lib/active_support/callbacks.rb:81:in `run_callbacks'
  actionpack (4.2.5) lib/action_dispatch/middleware/callbacks.rb:27:in `call'
  actionpack (4.2.5) lib/action_dispatch/middleware/reloader.rb:73:in `call'
  actionpack (4.2.5) lib/action_dispatch/middleware/remote_ip.rb:78:in `call'
  actionpack (4.2.5) lib/action_dispatch/middleware/debug_exceptions.rb:17:in `call'
  web-console (2.3.0) lib/web_console/middleware.rb:28:in `block in call'
  web-console (2.3.0) lib/web_console/middleware.rb:18:in `catch'
  web-console (2.3.0) lib/web_console/middleware.rb:18:in `call'
  actionpack (4.2.5) lib/action_dispatch/middleware/show_exceptions.rb:30:in `call'
  railties (4.2.5) lib/rails/rack/logger.rb:38:in `call_app'
  railties (4.2.5) lib/rails/rack/logger.rb:20:in `block in call'
  activesupport (4.2.5) lib/active_support/tagged_logging.rb:68:in `block in tagged'
  activesupport (4.2.5) lib/active_support/tagged_logging.rb:26:in `tagged'
  activesupport (4.2.5) lib/active_support/tagged_logging.rb:68:in `tagged'
  railties (4.2.5) lib/rails/rack/logger.rb:20:in `call'
  actionpack (4.2.5) lib/action_dispatch/middleware/request_id.rb:21:in `call'
  rack (1.6.4) lib/rack/methodoverride.rb:22:in `call'
  rack (1.6.4) lib/rack/runtime.rb:18:in `call'
  activesupport (4.2.5) lib/active_support/cache/strategy/local_cache_middleware.rb:28:in `call'
  rack (1.6.4) lib/rack/lock.rb:17:in `call'
  actionpack (4.2.5) lib/action_dispatch/middleware/static.rb:116:in `call'
  rack (1.6.4) lib/rack/sendfile.rb:113:in `call'
  railties (4.2.5) lib/rails/engine.rb:518:in `call'
  railties (4.2.5) lib/rails/application.rb:165:in `call'
  rack (1.6.4) lib/rack/lock.rb:17:in `call'
  rack (1.6.4) lib/rack/content_length.rb:15:in `call'
  rack (1.6.4) lib/rack/handler/webrick.rb:88:in `service'
  /home/local/BLR/ishwar.kumar/.rubies/ruby-2.3.0/lib/ruby/2.3.0/webrick/httpserver.rb:140:in `service'
  /home/local/BLR/ishwar.kumar/.rubies/ruby-2.3.0/lib/ruby/2.3.0/webrick/httpserver.rb:96:in `run'
  /home/local/BLR/ishwar.kumar/.rubies/ruby-2.3.0/lib/ruby/2.3.0/webrick/server.rb:296:in `block in start_thread'


  Rendered /home/local/BLR/ishwar.kumar/.gem/ruby/2.3.0/gems/actionpack-4.2.5/lib/action_dispatch/middleware/templates/rescues/_source.erb (2.9ms)
  Rendered /home/local/BLR/ishwar.kumar/.gem/ruby/2.3.0/gems/actionpack-4.2.5/lib/action_dispatch/middleware/templates/rescues/_trace.html.erb (2.2ms)
  Rendered /home/local/BLR/ishwar.kumar/.gem/ruby/2.3.0/gems/actionpack-4.2.5/lib/action_dispatch/middleware/templates/rescues/_request_and_response.html.erb (0.7ms)
  Rendered /home/local/BLR/ishwar.kumar/.gem/ruby/2.3.0/gems/actionpack-4.2.5/lib/action_dispatch/middleware/templates/rescues/diagnostics.html.erb within rescues/layout (90.7ms)
  Rendered /home/local/BLR/ishwar.kumar/.gem/ruby/2.3.0/gems/web-console-2.3.0/lib/web_console/templates/_markup.html.erb (0.6ms)
  Rendered /home/local/BLR/ishwar.kumar/.gem/ruby/2.3.0/gems/web-console-2.3.0/lib/web_console/templates/_inner_console_markup.html.erb within layouts/inlined_string (0.4ms)
  Rendered /home/local/BLR/ishwar.kumar/.gem/ruby/2.3.0/gems/web-console-2.3.0/lib/web_console/templates/_prompt_box_markup.html.erb within layouts/inlined_string (0.6ms)
  Rendered /home/local/BLR/ishwar.kumar/.gem/ruby/2.3.0/gems/web-console-2.3.0/lib/web_console/templates/style.css.erb within layouts/inlined_string (0.4ms)
  Rendered /home/local/BLR/ishwar.kumar/.gem/ruby/2.3.0/gems/web-console-2.3.0/lib/web_console/templates/console.js.erb within layouts/javascript (38.6ms)
  Rendered /home/local/BLR/ishwar.kumar/.gem/ruby/2.3.0/gems/web-console-2.3.0/lib/web_console/templates/main.js.erb within layouts/javascript (0.5ms)
  Rendered /home/local/BLR/ishwar.kumar/.gem/ruby/2.3.0/gems/web-console-2.3.0/lib/web_console/templates/error_page.js.erb within layouts/javascript (0.6ms)
  Rendered /home/local/BLR/ishwar.kumar/.gem/ruby/2.3.0/gems/web-console-2.3.0/lib/web_console/templates/index.html.erb (60.3ms)


Started GET "/" for 127.0.0.1 at 2016-10-03 14:58:28 +0530

Mysql2::Error (Access denied for user 'root'@'localhost' (using password: NO)):
  mysql2 (0.4.4) lib/mysql2/client.rb:87:in `connect'
  mysql2 (0.4.4) lib/mysql2/client.rb:87:in `initialize'
  activerecord (4.2.5) lib/active_record/connection_adapters/mysql2_adapter.rb:18:in `new'
  activerecord (4.2.5) lib/active_record/connection_adapters/mysql2_adapter.rb:18:in `mysql2_connection'
  activerecord (4.2.5) lib/active_record/connection_adapters/abstract/connection_pool.rb:438:in `new_connection'
  activerecord (4.2.5) lib/active_record/connection_adapters/abstract/connection_pool.rb:448:in `checkout_new_connection'
  activerecord (4.2.5) lib/active_record/connection_adapters/abstract/connection_pool.rb:422:in `acquire_connection'
  activerecord (4.2.5) lib/active_record/connection_adapters/abstract/connection_pool.rb:349:in `block in checkout'
  /home/local/BLR/ishwar.kumar/.rubies/ruby-2.3.0/lib/ruby/2.3.0/monitor.rb:214:in `mon_synchronize'
  activerecord (4.2.5) lib/active_record/connection_adapters/abstract/connection_pool.rb:348:in `checkout'
  activerecord (4.2.5) lib/active_record/connection_adapters/abstract/connection_pool.rb:263:in `block in connection'
  /home/local/BLR/ishwar.kumar/.rubies/ruby-2.3.0/lib/ruby/2.3.0/monitor.rb:214:in `mon_synchronize'
  activerecord (4.2.5) lib/active_record/connection_adapters/abstract/connection_pool.rb:262:in `connection'
  activerecord (4.2.5) lib/active_record/connection_adapters/abstract/connection_pool.rb:571:in `retrieve_connection'
  activerecord (4.2.5) lib/active_record/connection_handling.rb:113:in `retrieve_connection'
  activerecord (4.2.5) lib/active_record/connection_handling.rb:87:in `connection'
  activerecord (4.2.5) lib/active_record/migration.rb:383:in `connection'
  activerecord (4.2.5) lib/active_record/migration.rb:370:in `call'
  actionpack (4.2.5) lib/action_dispatch/middleware/callbacks.rb:29:in `block in call'
  activesupport (4.2.5) lib/active_support/callbacks.rb:88:in `__run_callbacks__'
  activesupport (4.2.5) lib/active_support/callbacks.rb:778:in `_run_call_callbacks'
  activesupport (4.2.5) lib/active_support/callbacks.rb:81:in `run_callbacks'
  actionpack (4.2.5) lib/action_dispatch/middleware/callbacks.rb:27:in `call'
  actionpack (4.2.5) lib/action_dispatch/middleware/reloader.rb:73:in `call'
  actionpack (4.2.5) lib/action_dispatch/middleware/remote_ip.rb:78:in `call'
  actionpack (4.2.5) lib/action_dispatch/middleware/debug_exceptions.rb:17:in `call'
  web-console (2.3.0) lib/web_console/middleware.rb:28:in `block in call'
  web-console (2.3.0) lib/web_console/middleware.rb:18:in `catch'
  web-console (2.3.0) lib/web_console/middleware.rb:18:in `call'
  actionpack (4.2.5) lib/action_dispatch/middleware/show_exceptions.rb:30:in `call'
  railties (4.2.5) lib/rails/rack/logger.rb:38:in `call_app'
  railties (4.2.5) lib/rails/rack/logger.rb:20:in `block in call'
  activesupport (4.2.5) lib/active_support/tagged_logging.rb:68:in `block in tagged'
  activesupport (4.2.5) lib/active_support/tagged_logging.rb:26:in `tagged'
  activesupport (4.2.5) lib/active_support/tagged_logging.rb:68:in `tagged'
  railties (4.2.5) lib/rails/rack/logger.rb:20:in `call'
  actionpack (4.2.5) lib/action_dispatch/middleware/request_id.rb:21:in `call'
  rack (1.6.4) lib/rack/methodoverride.rb:22:in `call'
  rack (1.6.4) lib/rack/runtime.rb:18:in `call'
  activesupport (4.2.5) lib/active_support/cache/strategy/local_cache_middleware.rb:28:in `call'
  rack (1.6.4) lib/rack/lock.rb:17:in `call'
  actionpack (4.2.5) lib/action_dispatch/middleware/static.rb:116:in `call'
  rack (1.6.4) lib/rack/sendfile.rb:113:in `call'
  railties (4.2.5) lib/rails/engine.rb:518:in `call'
  railties (4.2.5) lib/rails/application.rb:165:in `call'
  rack (1.6.4) lib/rack/lock.rb:17:in `call'
  rack (1.6.4) lib/rack/content_length.rb:15:in `call'
  rack (1.6.4) lib/rack/handler/webrick.rb:88:in `service'
  /home/local/BLR/ishwar.kumar/.rubies/ruby-2.3.0/lib/ruby/2.3.0/webrick/httpserver.rb:140:in `service'
  /home/local/BLR/ishwar.kumar/.rubies/ruby-2.3.0/lib/ruby/2.3.0/webrick/httpserver.rb:96:in `run'
  /home/local/BLR/ishwar.kumar/.rubies/ruby-2.3.0/lib/ruby/2.3.0/webrick/server.rb:296:in `block in start_thread'


  Rendered /home/local/BLR/ishwar.kumar/.gem/ruby/2.3.0/gems/actionpack-4.2.5/lib/action_dispatch/middleware/templates/rescues/_source.erb (3.4ms)
  Rendered /home/local/BLR/ishwar.kumar/.gem/ruby/2.3.0/gems/actionpack-4.2.5/lib/action_dispatch/middleware/templates/rescues/_trace.html.erb (1.7ms)
  Rendered /home/local/BLR/ishwar.kumar/.gem/ruby/2.3.0/gems/actionpack-4.2.5/lib/action_dispatch/middleware/templates/rescues/_request_and_response.html.erb (1.2ms)
  Rendered /home/local/BLR/ishwar.kumar/.gem/ruby/2.3.0/gems/actionpack-4.2.5/lib/action_dispatch/middleware/templates/rescues/diagnostics.html.erb within rescues/layout (20.1ms)
  Rendered /home/local/BLR/ishwar.kumar/.gem/ruby/2.3.0/gems/web-console-2.3.0/lib/web_console/templates/_markup.html.erb (0.6ms)
  Rendered /home/local/BLR/ishwar.kumar/.gem/ruby/2.3.0/gems/web-console-2.3.0/lib/web_console/templates/_inner_console_markup.html.erb within layouts/inlined_string (0.7ms)
  Rendered /home/local/BLR/ishwar.kumar/.gem/ruby/2.3.0/gems/web-console-2.3.0/lib/web_console/templates/_prompt_box_markup.html.erb within layouts/inlined_string (1.0ms)
  Rendered /home/local/BLR/ishwar.kumar/.gem/ruby/2.3.0/gems/web-console-2.3.0/lib/web_console/templates/style.css.erb within layouts/inlined_string (0.5ms)
  Rendered /home/local/BLR/ishwar.kumar/.gem/ruby/2.3.0/gems/web-console-2.3.0/lib/web_console/templates/console.js.erb within layouts/javascript (17.2ms)
  Rendered /home/local/BLR/ishwar.kumar/.gem/ruby/2.3.0/gems/web-console-2.3.0/lib/web_console/templates/main.js.erb within layouts/javascript (0.5ms)
  Rendered /home/local/BLR/ishwar.kumar/.gem/ruby/2.3.0/gems/web-console-2.3.0/lib/web_console/templates/error_page.js.erb within layouts/javascript (1.9ms)
  Rendered /home/local/BLR/ishwar.kumar/.gem/ruby/2.3.0/gems/web-console-2.3.0/lib/web_console/templates/index.html.erb (34.2ms)


Started GET "/" for 127.0.0.1 at 2016-10-03 14:59:29 +0530
Processing by Rails::WelcomeController#index as HTML
  Rendered /home/local/BLR/ishwar.kumar/.gem/ruby/2.3.0/gems/railties-4.2.5/lib/rails/templates/rails/welcome/index.html.erb (1.3ms)
Completed 200 OK in 37ms (Views: 7.6ms | ActiveRecord: 0.0ms)


Started GET "/" for 127.0.0.1 at 2016-10-03 14:59:30 +0530
Processing by Rails::WelcomeController#index as HTML
  Rendered /home/local/BLR/ishwar.kumar/.gem/ruby/2.3.0/gems/railties-4.2.5/lib/rails/templates/rails/welcome/index.html.erb (0.0ms)
Completed 200 OK in 1ms (Views: 0.8ms | ActiveRecord: 0.0ms)
  [1m[36mActiveRecord::SchemaMigration Load (30.0ms)[0m  [1mSELECT `schema_migrations`.* FROM `schema_migrations`[0m
Migrating to CreatePets (20161003093100)
  [1m[35m (1.1ms)[0m  CREATE TABLE `pets` (`id` int(11) auto_increment PRIMARY KEY, `name` varchar(255), `description` text, `image` varchar(255), `created_at` datetime NOT NULL, `updated_at` datetime NOT NULL) ENGINE=InnoDB
  [1m[36m (281.4ms)[0m  [1mDROP DATABASE IF EXISTS `mypets_development`[0m
  [1m[35m (19.7ms)[0m  DROP DATABASE IF EXISTS `mypets_test`
  [1m[36m (0.2ms)[0m  [1mCREATE DATABASE `mypets_development` DEFAULT CHARACTER SET `utf8` COLLATE `utf8_unicode_ci`[0m
  [1m[35m (0.2ms)[0m  CREATE DATABASE `mypets_test` DEFAULT CHARACTER SET `utf8` COLLATE `utf8_unicode_ci`
  [1m[36m (153.2ms)[0m  [1mCREATE TABLE `schema_migrations` (`version` varchar(255) NOT NULL) ENGINE=InnoDB[0m
  [1m[35m (222.1ms)[0m  CREATE UNIQUE INDEX `unique_schema_migrations`  ON `schema_migrations` (`version`) 
  [1m[36mActiveRecord::SchemaMigration Load (0.2ms)[0m  [1mSELECT `schema_migrations`.* FROM `schema_migrations`[0m
Migrating to CreatePets (20161003093100)
  [1m[35m (108.7ms)[0m  CREATE TABLE `pets` (`id` int(11) auto_increment PRIMARY KEY, `name` varchar(255), `description` text, `image` varchar(255), `created_at` datetime NOT NULL, `updated_at` datetime NOT NULL) ENGINE=InnoDB
  [1m[36m (0.2ms)[0m  [1mBEGIN[0m
  [1m[35mSQL (7.1ms)[0m  INSERT INTO `schema_migrations` (`version`) VALUES ('20161003093100')
  [1m[36m (40.1ms)[0m  [1mCOMMIT[0m
  [1m[35mActiveRecord::SchemaMigration Load (0.2ms)[0m  SELECT `schema_migrations`.* FROM `schema_migrations`
  [1m[36m (23.5ms)[0m  [1mSELECT fk.referenced_table_name as 'to_table'
      ,fk.referenced_column_name as 'primary_key'
      ,fk.column_name as 'column'
      ,fk.constraint_name as 'name'
FROM information_schema.key_column_usage fk
WHERE fk.referenced_column_name is not null
  AND fk.table_schema = 'mypets_development'
  AND fk.table_name = 'pets'
[0m
  [1m[35m (0.2ms)[0m  SHOW CREATE TABLE `pets`


Started GET "/pets" for 127.0.0.1 at 2016-10-03 15:35:32 +0530
  [1m[36mActiveRecord::SchemaMigration Load (27.8ms)[0m  [1mSELECT `schema_migrations`.* FROM `schema_migrations`[0m
Processing by PetsController#index as HTML
  [1m[35mPet Load (57.7ms)[0m  SELECT `pets`.* FROM `pets`
  Rendered pets/index.html.erb within layouts/application (60.8ms)
Completed 200 OK in 967ms (Views: 879.6ms | ActiveRecord: 58.3ms)


Started GET "/assets/pets.self-e3b0c44298fc1c149afbf4c8996fb92427ae41e4649b934ca495991b7852b855.css?body=1" for 127.0.0.1 at 2016-10-03 15:35:34 +0530


Started GET "/assets/scaffolds.self-929668f104ece120edb2a80a46187cf7aa9f029cb6e3bb533306ed9a81391f7f.css?body=1" for 127.0.0.1 at 2016-10-03 15:35:34 +0530


Started GET "/assets/pets.self-877aef30ae1b040ab8a3aba4e3e309a11d7f2612f44dde450b5c157aa5f95c05.js?body=1" for 127.0.0.1 at 2016-10-03 15:35:34 +0530


Started GET "/pets/new" for 127.0.0.1 at 2016-10-03 15:35:37 +0530
Processing by PetsController#new as HTML
  Rendered pets/_form.html.erb (1.2ms)
  Rendered pets/new.html.erb within layouts/application (19.0ms)
Completed 500 Internal Server Error in 49ms (ActiveRecord: 0.5ms)

SyntaxError (/home/local/BLR/ishwar.kumar/Documents/mypets/app/views/pets/_form.html.erb:1: syntax error, unexpected tLABEL
...r.append=  form_for(@pet),html: { multipart: true} do |f| @o...
...                               ^
/home/local/BLR/ishwar.kumar/Documents/mypets/app/views/pets/_form.html.erb:1: syntax error, unexpected keyword_do_block, expecting keyword_end
...et),html: { multipart: true} do |f| @output_buffer.safe_appe...
...                               ^
/home/local/BLR/ishwar.kumar/Documents/mypets/app/views/pets/_form.html.erb:31: syntax error, unexpected keyword_ensure, expecting end-of-input):
  app/views/pets/_form.html.erb:1: syntax error, unexpected tLABEL
  app/views/pets/_form.html.erb:1: syntax error, unexpected keyword_do_block, expecting keyword_end
  app/views/pets/_form.html.erb:31: syntax error, unexpected keyword_ensure, expecting end-of-input
  app/views/pets/new.html.erb:3:in `_app_views_pets_new_html_erb___4036568422745784556_70193872520400'


  Rendered /home/local/BLR/ishwar.kumar/.gem/ruby/2.3.0/gems/actionpack-4.2.5/lib/action_dispatch/middleware/templates/rescues/_source.erb (6.4ms)
  Rendered /home/local/BLR/ishwar.kumar/.gem/ruby/2.3.0/gems/actionpack-4.2.5/lib/action_dispatch/middleware/templates/rescues/_trace.html.erb (6.8ms)
  Rendered /home/local/BLR/ishwar.kumar/.gem/ruby/2.3.0/gems/actionpack-4.2.5/lib/action_dispatch/middleware/templates/rescues/_request_and_response.html.erb (0.7ms)
  Rendered /home/local/BLR/ishwar.kumar/.gem/ruby/2.3.0/gems/actionpack-4.2.5/lib/action_dispatch/middleware/templates/rescues/diagnostics.html.erb within rescues/layout (33.5ms)
  Rendered /home/local/BLR/ishwar.kumar/.gem/ruby/2.3.0/gems/web-console-2.3.0/lib/web_console/templates/_markup.html.erb (0.2ms)
  Rendered /home/local/BLR/ishwar.kumar/.gem/ruby/2.3.0/gems/web-console-2.3.0/lib/web_console/templates/_inner_console_markup.html.erb within layouts/inlined_string (0.2ms)
  Rendered /home/local/BLR/ishwar.kumar/.gem/ruby/2.3.0/gems/web-console-2.3.0/lib/web_console/templates/_prompt_box_markup.html.erb within layouts/inlined_string (0.1ms)
  Rendered /home/local/BLR/ishwar.kumar/.gem/ruby/2.3.0/gems/web-console-2.3.0/lib/web_console/templates/style.css.erb within layouts/inlined_string (0.2ms)
  Rendered /home/local/BLR/ishwar.kumar/.gem/ruby/2.3.0/gems/web-console-2.3.0/lib/web_console/templates/console.js.erb within layouts/javascript (38.2ms)
  Rendered /home/local/BLR/ishwar.kumar/.gem/ruby/2.3.0/gems/web-console-2.3.0/lib/web_console/templates/main.js.erb within layouts/javascript (0.1ms)
  Rendered /home/local/BLR/ishwar.kumar/.gem/ruby/2.3.0/gems/web-console-2.3.0/lib/web_console/templates/error_page.js.erb within layouts/javascript (0.2ms)
  Rendered /home/local/BLR/ishwar.kumar/.gem/ruby/2.3.0/gems/web-console-2.3.0/lib/web_console/templates/index.html.erb (51.5ms)


Started GET "/pets/new" for 127.0.0.1 at 2016-10-03 15:35:59 +0530
Processing by PetsController#new as HTML
  Rendered pets/_form.html.erb (1.4ms)
  Rendered pets/new.html.erb within layouts/application (2.1ms)
Completed 500 Internal Server Error in 4ms (ActiveRecord: 0.0ms)

SyntaxError (/home/local/BLR/ishwar.kumar/Documents/mypets/app/views/pets/_form.html.erb:1: syntax error, unexpected tLABEL
...r.append=  form_for(@pet),html: { multipart: true} do |f| @o...
...                               ^
/home/local/BLR/ishwar.kumar/Documents/mypets/app/views/pets/_form.html.erb:1: syntax error, unexpected keyword_do_block, expecting keyword_end
...et),html: { multipart: true} do |f| @output_buffer.safe_appe...
...                               ^
/home/local/BLR/ishwar.kumar/Documents/mypets/app/views/pets/_form.html.erb:31: syntax error, unexpected keyword_ensure, expecting end-of-input):
  app/views/pets/_form.html.erb:1: syntax error, unexpected tLABEL
  app/views/pets/_form.html.erb:1: syntax error, unexpected keyword_do_block, expecting keyword_end
  app/views/pets/_form.html.erb:31: syntax error, unexpected keyword_ensure, expecting end-of-input
  app/views/pets/new.html.erb:3:in `_app_views_pets_new_html_erb___4036568422745784556_70193872520400'


  Rendered /home/local/BLR/ishwar.kumar/.gem/ruby/2.3.0/gems/actionpack-4.2.5/lib/action_dispatch/middleware/templates/rescues/_source.erb (5.5ms)
  Rendered /home/local/BLR/ishwar.kumar/.gem/ruby/2.3.0/gems/actionpack-4.2.5/lib/action_dispatch/middleware/templates/rescues/_trace.html.erb (2.1ms)
  Rendered /home/local/BLR/ishwar.kumar/.gem/ruby/2.3.0/gems/actionpack-4.2.5/lib/action_dispatch/middleware/templates/rescues/_request_and_response.html.erb (0.6ms)
  Rendered /home/local/BLR/ishwar.kumar/.gem/ruby/2.3.0/gems/actionpack-4.2.5/lib/action_dispatch/middleware/templates/rescues/diagnostics.html.erb within rescues/layout (18.5ms)
  Rendered /home/local/BLR/ishwar.kumar/.gem/ruby/2.3.0/gems/web-console-2.3.0/lib/web_console/templates/_markup.html.erb (0.3ms)
  Rendered /home/local/BLR/ishwar.kumar/.gem/ruby/2.3.0/gems/web-console-2.3.0/lib/web_console/templates/_inner_console_markup.html.erb within layouts/inlined_string (0.2ms)
  Rendered /home/local/BLR/ishwar.kumar/.gem/ruby/2.3.0/gems/web-console-2.3.0/lib/web_console/templates/_prompt_box_markup.html.erb within layouts/inlined_string (0.2ms)
  Rendered /home/local/BLR/ishwar.kumar/.gem/ruby/2.3.0/gems/web-console-2.3.0/lib/web_console/templates/style.css.erb within layouts/inlined_string (0.3ms)
  Rendered /home/local/BLR/ishwar.kumar/.gem/ruby/2.3.0/gems/web-console-2.3.0/lib/web_console/templates/console.js.erb within layouts/javascript (11.3ms)
  Rendered /home/local/BLR/ishwar.kumar/.gem/ruby/2.3.0/gems/web-console-2.3.0/lib/web_console/templates/main.js.erb within layouts/javascript (0.3ms)
  Rendered /home/local/BLR/ishwar.kumar/.gem/ruby/2.3.0/gems/web-console-2.3.0/lib/web_console/templates/error_page.js.erb within layouts/javascript (0.2ms)
  Rendered /home/local/BLR/ishwar.kumar/.gem/ruby/2.3.0/gems/web-console-2.3.0/lib/web_console/templates/index.html.erb (22.9ms)


Started GET "/pets/new" for 127.0.0.1 at 2016-10-03 15:36:02 +0530
Processing by PetsController#new as HTML
  Rendered pets/_form.html.erb (1.3ms)
  Rendered pets/new.html.erb within layouts/application (1.9ms)
Completed 500 Internal Server Error in 4ms (ActiveRecord: 0.0ms)

SyntaxError (/home/local/BLR/ishwar.kumar/Documents/mypets/app/views/pets/_form.html.erb:1: syntax error, unexpected tLABEL
...r.append=  form_for(@pet),html: { multipart: true} do |f| @o...
...                               ^
/home/local/BLR/ishwar.kumar/Documents/mypets/app/views/pets/_form.html.erb:1: syntax error, unexpected keyword_do_block, expecting keyword_end
...et),html: { multipart: true} do |f| @output_buffer.safe_appe...
...                               ^
/home/local/BLR/ishwar.kumar/Documents/mypets/app/views/pets/_form.html.erb:31: syntax error, unexpected keyword_ensure, expecting end-of-input):
  app/views/pets/_form.html.erb:1: syntax error, unexpected tLABEL
  app/views/pets/_form.html.erb:1: syntax error, unexpected keyword_do_block, expecting keyword_end
  app/views/pets/_form.html.erb:31: syntax error, unexpected keyword_ensure, expecting end-of-input
  app/views/pets/new.html.erb:3:in `_app_views_pets_new_html_erb___4036568422745784556_70193872520400'


  Rendered /home/local/BLR/ishwar.kumar/.gem/ruby/2.3.0/gems/actionpack-4.2.5/lib/action_dispatch/middleware/templates/rescues/_source.erb (5.6ms)
  Rendered /home/local/BLR/ishwar.kumar/.gem/ruby/2.3.0/gems/actionpack-4.2.5/lib/action_dispatch/middleware/templates/rescues/_trace.html.erb (2.1ms)
  Rendered /home/local/BLR/ishwar.kumar/.gem/ruby/2.3.0/gems/actionpack-4.2.5/lib/action_dispatch/middleware/templates/rescues/_request_and_response.html.erb (0.5ms)
  Rendered /home/local/BLR/ishwar.kumar/.gem/ruby/2.3.0/gems/actionpack-4.2.5/lib/action_dispatch/middleware/templates/rescues/diagnostics.html.erb within rescues/layout (18.3ms)
  Rendered /home/local/BLR/ishwar.kumar/.gem/ruby/2.3.0/gems/web-console-2.3.0/lib/web_console/templates/_markup.html.erb (0.3ms)
  Rendered /home/local/BLR/ishwar.kumar/.gem/ruby/2.3.0/gems/web-console-2.3.0/lib/web_console/templates/_inner_console_markup.html.erb within layouts/inlined_string (0.2ms)
  Rendered /home/local/BLR/ishwar.kumar/.gem/ruby/2.3.0/gems/web-console-2.3.0/lib/web_console/templates/_prompt_box_markup.html.erb within layouts/inlined_string (0.2ms)
  Rendered /home/local/BLR/ishwar.kumar/.gem/ruby/2.3.0/gems/web-console-2.3.0/lib/web_console/templates/style.css.erb within layouts/inlined_string (0.3ms)
  Rendered /home/local/BLR/ishwar.kumar/.gem/ruby/2.3.0/gems/web-console-2.3.0/lib/web_console/templates/console.js.erb within layouts/javascript (11.5ms)
  Rendered /home/local/BLR/ishwar.kumar/.gem/ruby/2.3.0/gems/web-console-2.3.0/lib/web_console/templates/main.js.erb within layouts/javascript (0.5ms)
  Rendered /home/local/BLR/ishwar.kumar/.gem/ruby/2.3.0/gems/web-console-2.3.0/lib/web_console/templates/error_page.js.erb within layouts/javascript (0.4ms)
  Rendered /home/local/BLR/ishwar.kumar/.gem/ruby/2.3.0/gems/web-console-2.3.0/lib/web_console/templates/index.html.erb (24.2ms)


Started GET "/pets/new" for 127.0.0.1 at 2016-10-03 15:36:41 +0530
Processing by PetsController#new as HTML
  Rendered pets/_form.html.erb (129.3ms)
  Rendered pets/new.html.erb within layouts/application (130.1ms)
Completed 200 OK in 145ms (Views: 144.3ms | ActiveRecord: 0.0ms)


Started GET "/pets/new" for 127.0.0.1 at 2016-10-03 15:37:28 +0530
Processing by PetsController#new as HTML
  Rendered pets/_form.html.erb (1.1ms)
  Rendered pets/new.html.erb within layouts/application (1.6ms)
Completed 500 Internal Server Error in 3ms (ActiveRecord: 0.0ms)

SyntaxError (/home/local/BLR/ishwar.kumar/Documents/mypets/app/views/pets/_form.html.erb:1: syntax error, unexpected tLABEL
...r.append=  form_for(@pet),html: { multipart: true} do |f| @o...
...                               ^
/home/local/BLR/ishwar.kumar/Documents/mypets/app/views/pets/_form.html.erb:1: syntax error, unexpected keyword_do_block, expecting keyword_end
...et),html: { multipart: true} do |f| @output_buffer.safe_appe...
...                               ^
/home/local/BLR/ishwar.kumar/Documents/mypets/app/views/pets/_form.html.erb:31: syntax error, unexpected keyword_ensure, expecting end-of-input):
  app/views/pets/_form.html.erb:1: syntax error, unexpected tLABEL
  app/views/pets/_form.html.erb:1: syntax error, unexpected keyword_do_block, expecting keyword_end
  app/views/pets/_form.html.erb:31: syntax error, unexpected keyword_ensure, expecting end-of-input
  app/views/pets/new.html.erb:3:in `_app_views_pets_new_html_erb___4036568422745784556_70193872520400'


  Rendered /home/local/BLR/ishwar.kumar/.gem/ruby/2.3.0/gems/actionpack-4.2.5/lib/action_dispatch/middleware/templates/rescues/_source.erb (5.0ms)
  Rendered /home/local/BLR/ishwar.kumar/.gem/ruby/2.3.0/gems/actionpack-4.2.5/lib/action_dispatch/middleware/templates/rescues/_trace.html.erb (1.8ms)
  Rendered /home/local/BLR/ishwar.kumar/.gem/ruby/2.3.0/gems/actionpack-4.2.5/lib/action_dispatch/middleware/templates/rescues/_request_and_response.html.erb (0.5ms)
  Rendered /home/local/BLR/ishwar.kumar/.gem/ruby/2.3.0/gems/actionpack-4.2.5/lib/action_dispatch/middleware/templates/rescues/diagnostics.html.erb within rescues/layout (16.3ms)
  Rendered /home/local/BLR/ishwar.kumar/.gem/ruby/2.3.0/gems/web-console-2.3.0/lib/web_console/templates/_markup.html.erb (0.2ms)
  Rendered /home/local/BLR/ishwar.kumar/.gem/ruby/2.3.0/gems/web-console-2.3.0/lib/web_console/templates/_inner_console_markup.html.erb within layouts/inlined_string (0.2ms)
  Rendered /home/local/BLR/ishwar.kumar/.gem/ruby/2.3.0/gems/web-console-2.3.0/lib/web_console/templates/_prompt_box_markup.html.erb within layouts/inlined_string (0.1ms)
  Rendered /home/local/BLR/ishwar.kumar/.gem/ruby/2.3.0/gems/web-console-2.3.0/lib/web_console/templates/style.css.erb within layouts/inlined_string (0.2ms)
  Rendered /home/local/BLR/ishwar.kumar/.gem/ruby/2.3.0/gems/web-console-2.3.0/lib/web_console/templates/console.js.erb within layouts/javascript (10.1ms)
  Rendered /home/local/BLR/ishwar.kumar/.gem/ruby/2.3.0/gems/web-console-2.3.0/lib/web_console/templates/main.js.erb within layouts/javascript (0.2ms)
  Rendered /home/local/BLR/ishwar.kumar/.gem/ruby/2.3.0/gems/web-console-2.3.0/lib/web_console/templates/error_page.js.erb within layouts/javascript (0.4ms)
  Rendered /home/local/BLR/ishwar.kumar/.gem/ruby/2.3.0/gems/web-console-2.3.0/lib/web_console/templates/index.html.erb (21.3ms)


Started GET "/pets/new" for 127.0.0.1 at 2016-10-03 15:38:10 +0530
Processing by PetsController#new as HTML
  Rendered pets/_form.html.erb (3.1ms)
  Rendered pets/new.html.erb within layouts/application (3.9ms)
Completed 200 OK in 48ms (Views: 47.1ms | ActiveRecord: 0.0ms)


Started GET "/pets/new" for 127.0.0.1 at 2016-10-03 15:38:51 +0530
Processing by PetsController#new as HTML
  Rendered pets/_form.html.erb (2.9ms)
  Rendered pets/new.html.erb within layouts/application (3.8ms)
Completed 200 OK in 19ms (Views: 18.7ms | ActiveRecord: 0.0ms)


Started GET "/assets/pets.self-e3b0c44298fc1c149afbf4c8996fb92427ae41e4649b934ca495991b7852b855.css?body=1" for 127.0.0.1 at 2016-10-03 15:38:51 +0530


Started GET "/assets/application.self-e80e8f2318043e8af94dddc2adad5a4f09739a8ebb323b3ab31cd71d45fd9113.css?body=1" for 127.0.0.1 at 2016-10-03 15:38:51 +0530


Started GET "/assets/scaffolds.self-929668f104ece120edb2a80a46187cf7aa9f029cb6e3bb533306ed9a81391f7f.css?body=1" for 127.0.0.1 at 2016-10-03 15:38:51 +0530


Started GET "/assets/jquery_ujs.self-784a997f6726036b1993eb2217c9cb558e1cbb801c6da88105588c56f13b466a.js?body=1" for 127.0.0.1 at 2016-10-03 15:38:51 +0530


Started GET "/assets/jquery.self-bd7ddd393353a8d2480a622e80342adf488fb6006d667e8b42e4c0073393abee.js?body=1" for 127.0.0.1 at 2016-10-03 15:38:51 +0530


Started GET "/assets/turbolinks.self-c5acd7a204f5f25ce7a1d8a0e4d92e28d34c9e2df2c7371cd7af88e147e4ad82.js?body=1" for 127.0.0.1 at 2016-10-03 15:38:51 +0530


Started GET "/assets/pets.self-877aef30ae1b040ab8a3aba4e3e309a11d7f2612f44dde450b5c157aa5f95c05.js?body=1" for 127.0.0.1 at 2016-10-03 15:38:51 +0530


Started GET "/assets/application.self-3b8dabdc891efe46b9a144b400ad69e37d7e5876bdc39dee783419a69d7ca819.js?body=1" for 127.0.0.1 at 2016-10-03 15:38:51 +0530


Started GET "/pets" for 127.0.0.1 at 2016-10-03 15:39:16 +0530
Processing by PetsController#index as HTML
  [1m[36mPet Load (0.2ms)[0m  [1mSELECT `pets`.* FROM `pets`[0m
  Rendered pets/index.html.erb within layouts/application (0.8ms)
Completed 200 OK in 13ms (Views: 12.6ms | ActiveRecord: 0.2ms)


Started GET "/pets/new" for 127.0.0.1 at 2016-10-03 15:39:17 +0530
Processing by PetsController#new as HTML
  Rendered pets/_form.html.erb (3.4ms)
  Rendered pets/new.html.erb within layouts/application (4.2ms)
Completed 200 OK in 23ms (Views: 22.0ms | ActiveRecord: 0.0ms)


Started GET "/pets/new" for 127.0.0.1 at 2016-10-03 15:39:27 +0530
Processing by PetsController#new as HTML
  Rendered pets/_form.html.erb (1.9ms)
  Rendered pets/new.html.erb within layouts/application (2.3ms)
Completed 200 OK in 13ms (Views: 12.6ms | ActiveRecord: 0.0ms)


Started GET "/assets/pets.self-e3b0c44298fc1c149afbf4c8996fb92427ae41e4649b934ca495991b7852b855.css?body=1" for 127.0.0.1 at 2016-10-03 15:39:27 +0530


Started GET "/assets/application.self-e80e8f2318043e8af94dddc2adad5a4f09739a8ebb323b3ab31cd71d45fd9113.css?body=1" for 127.0.0.1 at 2016-10-03 15:39:27 +0530


Started GET "/assets/jquery.self-bd7ddd393353a8d2480a622e80342adf488fb6006d667e8b42e4c0073393abee.js?body=1" for 127.0.0.1 at 2016-10-03 15:39:27 +0530


Started GET "/assets/jquery_ujs.self-784a997f6726036b1993eb2217c9cb558e1cbb801c6da88105588c56f13b466a.js?body=1" for 127.0.0.1 at 2016-10-03 15:39:27 +0530


Started GET "/assets/pets.self-877aef30ae1b040ab8a3aba4e3e309a11d7f2612f44dde450b5c157aa5f95c05.js?body=1" for 127.0.0.1 at 2016-10-03 15:39:28 +0530


Started GET "/assets/turbolinks.self-c5acd7a204f5f25ce7a1d8a0e4d92e28d34c9e2df2c7371cd7af88e147e4ad82.js?body=1" for 127.0.0.1 at 2016-10-03 15:39:28 +0530


Started GET "/assets/scaffolds.self-929668f104ece120edb2a80a46187cf7aa9f029cb6e3bb533306ed9a81391f7f.css?body=1" for 127.0.0.1 at 2016-10-03 15:39:28 +0530


Started GET "/assets/application.self-3b8dabdc891efe46b9a144b400ad69e37d7e5876bdc39dee783419a69d7ca819.js?body=1" for 127.0.0.1 at 2016-10-03 15:39:28 +0530


Started POST "/pets" for 127.0.0.1 at 2016-10-03 15:40:57 +0530
Processing by PetsController#create as HTML
  Parameters: {"utf8"=>"✓", "authenticity_token"=>"enMWUYRvfWtFziMc88EPFAqbYQj6jCa06upxOf2g6O5x0SlWbTgajCaxLni6x9B+ulOTSiq2OHSyw+0l00aN1g==", "pet"=>{"name"=>"cat", "description"=>"lovely cat", "image"=>#<ActionDispatch::Http::UploadedFile:0x007fae91a34d40 @tempfile=#<Tempfile:/tmp/RackMultipart20161003-29688-17n9ds0.jpg>, @original_filename="cats-that-stay-small1.lg.jpg", @content_type="image/jpeg", @headers="Content-Disposition: form-data; name=\"pet[image]\"; filename=\"cats-that-stay-small1.lg.jpg\"\r\nContent-Type: image/jpeg\r\n">}, "commit"=>"Create Pet"}
  [1m[35m (0.2ms)[0m  BEGIN
  [1m[36m (0.2ms)[0m  [1mROLLBACK[0m
  Rendered pets/_form.html.erb (2.7ms)
  Rendered pets/new.html.erb within layouts/application (3.4ms)
Completed 200 OK in 125ms (Views: 17.7ms | ActiveRecord: 0.4ms)


Started POST "/pets" for 127.0.0.1 at 2016-10-03 15:44:11 +0530
Processing by PetsController#create as HTML
  Parameters: {"utf8"=>"✓", "authenticity_token"=>"enMWUYRvfWtFziMc88EPFAqbYQj6jCa06upxOf2g6O5x0SlWbTgajCaxLni6x9B+ulOTSiq2OHSyw+0l00aN1g==", "pet"=>{"name"=>"cat", "description"=>"lovely cat", "image"=>#<ActionDispatch::Http::UploadedFile:0x007fae90e36ae8 @tempfile=#<Tempfile:/tmp/RackMultipart20161003-29688-mhch9p.jpg>, @original_filename="cats-that-stay-small1.lg.jpg", @content_type="image/jpeg", @headers="Content-Disposition: form-data; name=\"pet[image]\"; filename=\"cats-that-stay-small1.lg.jpg\"\r\nContent-Type: image/jpeg\r\n">}, "commit"=>"Create Pet"}
  [1m[35m (0.2ms)[0m  BEGIN
  [1m[36m (0.1ms)[0m  [1mROLLBACK[0m
  Rendered pets/_form.html.erb (2.0ms)
  Rendered pets/new.html.erb within layouts/application (2.4ms)
Completed 200 OK in 27ms (Views: 12.7ms | ActiveRecord: 1.5ms)


Started GET "/pets" for 127.0.0.1 at 2016-10-03 15:44:39 +0530
  [1m[36mActiveRecord::SchemaMigration Load (0.1ms)[0m  [1mSELECT `schema_migrations`.* FROM `schema_migrations`[0m
Processing by PetsController#index as HTML
  [1m[35mPet Load (0.2ms)[0m  SELECT `pets`.* FROM `pets`
  Rendered pets/index.html.erb within layouts/application (3.1ms)
Completed 200 OK in 194ms (Views: 183.3ms | ActiveRecord: 0.9ms)


Started GET "/pets/new" for 127.0.0.1 at 2016-10-03 15:44:41 +0530
Processing by PetsController#new as HTML
  Rendered pets/_form.html.erb (18.2ms)
  Rendered pets/new.html.erb within layouts/application (23.5ms)
Completed 200 OK in 61ms (Views: 54.2ms | ActiveRecord: 0.5ms)


Started POST "/pets" for 127.0.0.1 at 2016-10-03 15:45:31 +0530
Processing by PetsController#create as HTML
  Parameters: {"utf8"=>"✓", "authenticity_token"=>"AC8IURi7hSBeQsnT8WEAfMchCRmMfIhvIAgTv2n5vTMLjTdW8ezixz09xLe4Z98Wd+n7W1xGlq94IY+jRx/YCw==", "pet"=>{"name"=>"dog", "description"=>"dog", "image"=>#<ActionDispatch::Http::UploadedFile:0x005648f6e673d8 @tempfile=#<Tempfile:/tmp/RackMultipart20161003-3727-uhthjl.jpg>, @original_filename="images.jpg", @content_type="image/jpeg", @headers="Content-Disposition: form-data; name=\"pet[image]\"; filename=\"images.jpg\"\r\nContent-Type: image/jpeg\r\n">}, "commit"=>"Create Pet"}
  [1m[36m (0.2ms)[0m  [1mBEGIN[0m
  [1m[35m (0.9ms)[0m  ROLLBACK
  Rendered pets/_form.html.erb (4.8ms)
  Rendered pets/new.html.erb within layouts/application (6.1ms)
Completed 200 OK in 52ms (Views: 35.7ms | ActiveRecord: 1.1ms)


Started GET "/pets" for 127.0.0.1 at 2016-10-03 15:51:57 +0530
  [1m[36mActiveRecord::SchemaMigration Load (0.1ms)[0m  [1mSELECT `schema_migrations`.* FROM `schema_migrations`[0m
Processing by PetsController#index as HTML
  [1m[35mPet Load (0.1ms)[0m  SELECT `pets`.* FROM `pets`
  Rendered pets/index.html.erb within layouts/application (3.5ms)
Completed 200 OK in 194ms (Views: 184.4ms | ActiveRecord: 0.8ms)


Started GET "/pets/new" for 127.0.0.1 at 2016-10-03 15:51:59 +0530
Processing by PetsController#new as HTML
  Rendered pets/_form.html.erb (20.5ms)
  Rendered pets/new.html.erb within layouts/application (25.4ms)
Completed 200 OK in 60ms (Views: 53.0ms | ActiveRecord: 0.6ms)


Started POST "/pets" for 127.0.0.1 at 2016-10-03 15:52:10 +0530
Processing by PetsController#create as HTML
  Parameters: {"utf8"=>"✓", "authenticity_token"=>"CBAxGo3SMQ0JvuLX8zqgpOy5t9UZeAtQgfhIXXMmGRcDsg4dZIVW6mrB77O6PH/OXHFFl8lCFZDZ0dRBXcB8Lw==", "pet"=>{"name"=>"dog", "description"=>"dog", "image"=>#<ActionDispatch::Http::UploadedFile:0x00560349661820 @tempfile=#<Tempfile:/tmp/RackMultipart20161003-5580-qd86rr.jpg>, @original_filename="images.jpg", @content_type="image/jpeg", @headers="Content-Disposition: form-data; name=\"pet[image]\"; filename=\"images.jpg\"\r\nContent-Type: image/jpeg\r\n">}, "commit"=>"Create Pet"}
  [1m[36m (0.2ms)[0m  [1mBEGIN[0m
  [1m[35mSQL (82.5ms)[0m  INSERT INTO `pets` (`name`, `description`, `image`, `created_at`, `updated_at`) VALUES ('dog', 'dog', 'images.jpg', '2016-10-03 10:22:11', '2016-10-03 10:22:11')
  [1m[36m (71.2ms)[0m  [1mCOMMIT[0m
Redirected to http://localhost:3000/pets/1
Completed 302 Found in 830ms (ActiveRecord: 153.9ms)


Started GET "/pets/1" for 127.0.0.1 at 2016-10-03 15:52:11 +0530
Processing by PetsController#show as HTML
  Parameters: {"id"=>"1"}
  [1m[35mPet Load (35.4ms)[0m  SELECT  `pets`.* FROM `pets` WHERE `pets`.`id` = 1 LIMIT 1
  Rendered pets/show.html.erb within layouts/application (1.4ms)
Completed 200 OK in 138ms (Views: 40.3ms | ActiveRecord: 35.4ms)


Started GET "/pets/1" for 127.0.0.1 at 2016-10-03 15:54:31 +0530
Processing by PetsController#show as HTML
  Parameters: {"id"=>"1"}
  [1m[36mPet Load (0.2ms)[0m  [1mSELECT  `pets`.* FROM `pets` WHERE `pets`.`id` = 1 LIMIT 1[0m
  Rendered pets/show.html.erb within layouts/application (1.7ms)
Completed 200 OK in 22ms (Views: 20.3ms | ActiveRecord: 0.2ms)


Started GET "/assets/application.self-e80e8f2318043e8af94dddc2adad5a4f09739a8ebb323b3ab31cd71d45fd9113.css?body=1" for 127.0.0.1 at 2016-10-03 15:54:31 +0530


Started GET "/assets/scaffolds.self-929668f104ece120edb2a80a46187cf7aa9f029cb6e3bb533306ed9a81391f7f.css?body=1" for 127.0.0.1 at 2016-10-03 15:54:31 +0530


Started GET "/assets/jquery.self-bd7ddd393353a8d2480a622e80342adf488fb6006d667e8b42e4c0073393abee.js?body=1" for 127.0.0.1 at 2016-10-03 15:54:31 +0530


Started GET "/assets/jquery_ujs.self-784a997f6726036b1993eb2217c9cb558e1cbb801c6da88105588c56f13b466a.js?body=1" for 127.0.0.1 at 2016-10-03 15:54:31 +0530


Started GET "/assets/turbolinks.self-c5acd7a204f5f25ce7a1d8a0e4d92e28d34c9e2df2c7371cd7af88e147e4ad82.js?body=1" for 127.0.0.1 at 2016-10-03 15:54:31 +0530


Started GET "/assets/pets.self-e3b0c44298fc1c149afbf4c8996fb92427ae41e4649b934ca495991b7852b855.css?body=1" for 127.0.0.1 at 2016-10-03 15:54:31 +0530


Started GET "/assets/pets.self-877aef30ae1b040ab8a3aba4e3e309a11d7f2612f44dde450b5c157aa5f95c05.js?body=1" for 127.0.0.1 at 2016-10-03 15:54:31 +0530


Started GET "/assets/application.self-3b8dabdc891efe46b9a144b400ad69e37d7e5876bdc39dee783419a69d7ca819.js?body=1" for 127.0.0.1 at 2016-10-03 15:54:31 +0530


Started GET "/pets" for 127.0.0.1 at 2016-10-03 16:00:37 +0530
Processing by PetsController#index as HTML
  [1m[35mPet Load (20.5ms)[0m  SELECT `pets`.* FROM `pets`
  Rendered pets/index.html.erb within layouts/application (26.0ms)
Completed 200 OK in 50ms (Views: 16.8ms | ActiveRecord: 21.1ms)


Started GET "/pets/new" for 127.0.0.1 at 2016-10-03 16:00:38 +0530
Processing by PetsController#new as HTML
  Rendered pets/_form.html.erb (55.9ms)
  Rendered pets/new.html.erb within layouts/application (56.7ms)
Completed 500 Internal Server Error in 59ms (ActiveRecord: 0.0ms)

ActionView::Template::Error (undefined method `>' for #<ImageUploader:0x007f1e5c07add8>):
    25:     <%= f.label :image %><br>
    26:     <%= f.file_field :image %>
    27:     <% if f.object.image> %>
    28:       <%= image_tag f.object.image.thumb.url %>
    29:       <% f.label :remove_image %>
    30:       <%= f.checkbox :remove_image %>
    31:     <% end %>
  app/views/pets/_form.html.erb:28:in `block in _app_views_pets__form_html_erb__22902917732053217_69884303147760'
  app/views/pets/_form.html.erb:3:in `_app_views_pets__form_html_erb__22902917732053217_69884303147760'
  app/views/pets/new.html.erb:3:in `_app_views_pets_new_html_erb___883317800344719904_69884293235760'


  Rendered /home/local/BLR/ishwar.kumar/.gem/ruby/2.3.0/gems/actionpack-4.2.5/lib/action_dispatch/middleware/templates/rescues/_source.erb (7.2ms)
  Rendered /home/local/BLR/ishwar.kumar/.gem/ruby/2.3.0/gems/actionpack-4.2.5/lib/action_dispatch/middleware/templates/rescues/_trace.html.erb (2.8ms)
  Rendered /home/local/BLR/ishwar.kumar/.gem/ruby/2.3.0/gems/actionpack-4.2.5/lib/action_dispatch/middleware/templates/rescues/_request_and_response.html.erb (0.7ms)
  Rendered /home/local/BLR/ishwar.kumar/.gem/ruby/2.3.0/gems/actionpack-4.2.5/lib/action_dispatch/middleware/templates/rescues/template_error.html.erb within rescues/layout (21.3ms)
  Rendered /home/local/BLR/ishwar.kumar/.gem/ruby/2.3.0/gems/web-console-2.3.0/lib/web_console/templates/_markup.html.erb (0.4ms)
  Rendered /home/local/BLR/ishwar.kumar/.gem/ruby/2.3.0/gems/web-console-2.3.0/lib/web_console/templates/_inner_console_markup.html.erb within layouts/inlined_string (0.6ms)
  Rendered /home/local/BLR/ishwar.kumar/.gem/ruby/2.3.0/gems/web-console-2.3.0/lib/web_console/templates/_prompt_box_markup.html.erb within layouts/inlined_string (0.2ms)
  Rendered /home/local/BLR/ishwar.kumar/.gem/ruby/2.3.0/gems/web-console-2.3.0/lib/web_console/templates/style.css.erb within layouts/inlined_string (0.3ms)
  Rendered /home/local/BLR/ishwar.kumar/.gem/ruby/2.3.0/gems/web-console-2.3.0/lib/web_console/templates/console.js.erb within layouts/javascript (12.3ms)
  Rendered /home/local/BLR/ishwar.kumar/.gem/ruby/2.3.0/gems/web-console-2.3.0/lib/web_console/templates/main.js.erb within layouts/javascript (0.3ms)
  Rendered /home/local/BLR/ishwar.kumar/.gem/ruby/2.3.0/gems/web-console-2.3.0/lib/web_console/templates/error_page.js.erb within layouts/javascript (0.3ms)
  Rendered /home/local/BLR/ishwar.kumar/.gem/ruby/2.3.0/gems/web-console-2.3.0/lib/web_console/templates/index.html.erb (24.3ms)


Started GET "/pets/1" for 127.0.0.1 at 2016-10-03 16:00:53 +0530
Processing by PetsController#show as HTML
  Parameters: {"id"=>"1"}
  [1m[36mPet Load (0.2ms)[0m  [1mSELECT  `pets`.* FROM `pets` WHERE `pets`.`id` = 1 LIMIT 1[0m
  Rendered pets/show.html.erb within layouts/application (1.0ms)
Completed 200 OK in 32ms (Views: 29.6ms | ActiveRecord: 0.2ms)


Started GET "/pets/1/edit" for 127.0.0.1 at 2016-10-03 16:00:55 +0530
Processing by PetsController#edit as HTML
  Parameters: {"id"=>"1"}
  [1m[35mPet Load (0.2ms)[0m  SELECT  `pets`.* FROM `pets` WHERE `pets`.`id` = 1 LIMIT 1
  Rendered pets/_form.html.erb (7.5ms)
  Rendered pets/edit.html.erb within layouts/application (8.8ms)
Completed 500 Internal Server Error in 28ms (ActiveRecord: 0.2ms)

ActionView::Template::Error (undefined method `>' for #<ImageUploader:0x007f1e5c39e410>):
    25:     <%= f.label :image %><br>
    26:     <%= f.file_field :image %>
    27:     <% if f.object.image> %>
    28:       <%= image_tag f.object.image.thumb.url %>
    29:       <% f.label :remove_image %>
    30:       <%= f.checkbox :remove_image %>
    31:     <% end %>
  app/views/pets/_form.html.erb:28:in `block in _app_views_pets__form_html_erb__22902917732053217_69884303147760'
  app/views/pets/_form.html.erb:3:in `_app_views_pets__form_html_erb__22902917732053217_69884303147760'
  app/views/pets/edit.html.erb:3:in `_app_views_pets_edit_html_erb__650503815462428593_69884186989420'


  Rendered /home/local/BLR/ishwar.kumar/.gem/ruby/2.3.0/gems/actionpack-4.2.5/lib/action_dispatch/middleware/templates/rescues/_source.erb (4.7ms)
  Rendered /home/local/BLR/ishwar.kumar/.gem/ruby/2.3.0/gems/actionpack-4.2.5/lib/action_dispatch/middleware/templates/rescues/_trace.html.erb (1.7ms)
  Rendered /home/local/BLR/ishwar.kumar/.gem/ruby/2.3.0/gems/actionpack-4.2.5/lib/action_dispatch/middleware/templates/rescues/_request_and_response.html.erb (0.5ms)
  Rendered /home/local/BLR/ishwar.kumar/.gem/ruby/2.3.0/gems/actionpack-4.2.5/lib/action_dispatch/middleware/templates/rescues/template_error.html.erb within rescues/layout (15.9ms)
  Rendered /home/local/BLR/ishwar.kumar/.gem/ruby/2.3.0/gems/web-console-2.3.0/lib/web_console/templates/_markup.html.erb (0.3ms)
  Rendered /home/local/BLR/ishwar.kumar/.gem/ruby/2.3.0/gems/web-console-2.3.0/lib/web_console/templates/_inner_console_markup.html.erb within layouts/inlined_string (0.2ms)
  Rendered /home/local/BLR/ishwar.kumar/.gem/ruby/2.3.0/gems/web-console-2.3.0/lib/web_console/templates/_prompt_box_markup.html.erb within layouts/inlined_string (0.1ms)
  Rendered /home/local/BLR/ishwar.kumar/.gem/ruby/2.3.0/gems/web-console-2.3.0/lib/web_console/templates/style.css.erb within layouts/inlined_string (0.2ms)
  Rendered /home/local/BLR/ishwar.kumar/.gem/ruby/2.3.0/gems/web-console-2.3.0/lib/web_console/templates/console.js.erb within layouts/javascript (11.1ms)
  Rendered /home/local/BLR/ishwar.kumar/.gem/ruby/2.3.0/gems/web-console-2.3.0/lib/web_console/templates/main.js.erb within layouts/javascript (0.2ms)
  Rendered /home/local/BLR/ishwar.kumar/.gem/ruby/2.3.0/gems/web-console-2.3.0/lib/web_console/templates/error_page.js.erb within layouts/javascript (0.4ms)
  Rendered /home/local/BLR/ishwar.kumar/.gem/ruby/2.3.0/gems/web-console-2.3.0/lib/web_console/templates/index.html.erb (22.7ms)


Started GET "/pets/new" for 127.0.0.1 at 2016-10-03 16:01:29 +0530
Processing by PetsController#new as HTML
  Rendered pets/_form.html.erb (17.9ms)
  Rendered pets/new.html.erb within layouts/application (18.6ms)
Completed 500 Internal Server Error in 21ms (ActiveRecord: 0.0ms)

ActionView::Template::Error (undefined method `checkbox' for #<ActionView::Helpers::FormBuilder:0x007f1e5c44e6f8>
Did you mean?  check_box):
    27:     <% if f.object.image %>
    28:       <%= image_tag f.object.image.thumb.url %>
    29:       <% f.label :remove_image %>
    30:       <%= f.checkbox :remove_image %>
    31:     <% end %>
    32:   </div>
    33:   <div class="actions">
  app/views/pets/_form.html.erb:30:in `block in _app_views_pets__form_html_erb__22902917732053217_69884186781740'
  app/views/pets/_form.html.erb:3:in `_app_views_pets__form_html_erb__22902917732053217_69884186781740'
  app/views/pets/new.html.erb:3:in `_app_views_pets_new_html_erb___883317800344719904_69884293235760'


  Rendered /home/local/BLR/ishwar.kumar/.gem/ruby/2.3.0/gems/actionpack-4.2.5/lib/action_dispatch/middleware/templates/rescues/_source.erb (5.1ms)
  Rendered /home/local/BLR/ishwar.kumar/.gem/ruby/2.3.0/gems/actionpack-4.2.5/lib/action_dispatch/middleware/templates/rescues/_trace.html.erb (1.9ms)
  Rendered /home/local/BLR/ishwar.kumar/.gem/ruby/2.3.0/gems/actionpack-4.2.5/lib/action_dispatch/middleware/templates/rescues/_request_and_response.html.erb (0.6ms)
  Rendered /home/local/BLR/ishwar.kumar/.gem/ruby/2.3.0/gems/actionpack-4.2.5/lib/action_dispatch/middleware/templates/rescues/template_error.html.erb within rescues/layout (16.7ms)
  Rendered /home/local/BLR/ishwar.kumar/.gem/ruby/2.3.0/gems/web-console-2.3.0/lib/web_console/templates/_markup.html.erb (0.3ms)
  Rendered /home/local/BLR/ishwar.kumar/.gem/ruby/2.3.0/gems/web-console-2.3.0/lib/web_console/templates/_inner_console_markup.html.erb within layouts/inlined_string (0.2ms)
  Rendered /home/local/BLR/ishwar.kumar/.gem/ruby/2.3.0/gems/web-console-2.3.0/lib/web_console/templates/_prompt_box_markup.html.erb within layouts/inlined_string (0.2ms)
  Rendered /home/local/BLR/ishwar.kumar/.gem/ruby/2.3.0/gems/web-console-2.3.0/lib/web_console/templates/style.css.erb within layouts/inlined_string (0.2ms)
  Rendered /home/local/BLR/ishwar.kumar/.gem/ruby/2.3.0/gems/web-console-2.3.0/lib/web_console/templates/console.js.erb within layouts/javascript (10.4ms)
  Rendered /home/local/BLR/ishwar.kumar/.gem/ruby/2.3.0/gems/web-console-2.3.0/lib/web_console/templates/main.js.erb within layouts/javascript (0.2ms)
  Rendered /home/local/BLR/ishwar.kumar/.gem/ruby/2.3.0/gems/web-console-2.3.0/lib/web_console/templates/error_page.js.erb within layouts/javascript (0.4ms)
  Rendered /home/local/BLR/ishwar.kumar/.gem/ruby/2.3.0/gems/web-console-2.3.0/lib/web_console/templates/index.html.erb (22.0ms)


Started GET "/pets/new" for 127.0.0.1 at 2016-10-03 16:01:57 +0530
Processing by PetsController#new as HTML
  Rendered pets/_form.html.erb (21.0ms)
  Rendered pets/new.html.erb within layouts/application (21.8ms)
Completed 200 OK in 39ms (Views: 38.3ms | ActiveRecord: 0.0ms)


Started GET "/pets" for 127.0.0.1 at 2016-10-03 16:02:10 +0530
Processing by PetsController#index as HTML
  [1m[36mPet Load (0.2ms)[0m  [1mSELECT `pets`.* FROM `pets`[0m
  Rendered pets/index.html.erb within layouts/application (2.2ms)
Completed 200 OK in 22ms (Views: 20.2ms | ActiveRecord: 0.2ms)


Started GET "/pets/1" for 127.0.0.1 at 2016-10-03 16:02:12 +0530
Processing by PetsController#show as HTML
  Parameters: {"id"=>"1"}
  [1m[35mPet Load (0.1ms)[0m  SELECT  `pets`.* FROM `pets` WHERE `pets`.`id` = 1 LIMIT 1
  Rendered pets/show.html.erb within layouts/application (0.6ms)
Completed 200 OK in 10ms (Views: 9.1ms | ActiveRecord: 0.1ms)


Started GET "/pets/1/edit" for 127.0.0.1 at 2016-10-03 16:02:15 +0530
Processing by PetsController#edit as HTML
  Parameters: {"id"=>"1"}
  [1m[36mPet Load (0.2ms)[0m  [1mSELECT  `pets`.* FROM `pets` WHERE `pets`.`id` = 1 LIMIT 1[0m
  Rendered pets/_form.html.erb (3.5ms)
  Rendered pets/edit.html.erb within layouts/application (4.4ms)
Completed 200 OK in 31ms (Views: 29.6ms | ActiveRecord: 0.2ms)


Started PATCH "/pets/1" for 127.0.0.1 at 2016-10-03 16:02:21 +0530
Processing by PetsController#update as HTML
  Parameters: {"utf8"=>"✓", "authenticity_token"=>"iIVijWi+Qi8NbVwAVV8ctWZXkpGtfs6+9ri5GH8DD9iDJ12KgeklyG4SUWQcWcPf1p9g031E0H6ukSUEUeVq4A==", "pet"=>{"name"=>"dog", "description"=>"dog", "remove_image"=>"1"}, "commit"=>"Update Pet", "id"=>"1"}
  [1m[35mPet Load (0.2ms)[0m  SELECT  `pets`.* FROM `pets` WHERE `pets`.`id` = 1 LIMIT 1
  [1m[36m (0.1ms)[0m  [1mBEGIN[0m
  [1m[35mPet Load (0.3ms)[0m  SELECT  `pets`.* FROM `pets` WHERE `pets`.`id` = 1 LIMIT 1
  [1m[36mSQL (218.4ms)[0m  [1mUPDATE `pets` SET `image` = NULL, `updated_at` = '2016-10-03 10:32:21' WHERE `pets`.`id` = 1[0m
  [1m[35m (35.5ms)[0m  COMMIT
Redirected to http://localhost:3000/pets/1
Completed 302 Found in 262ms (ActiveRecord: 254.5ms)


Started GET "/pets/1" for 127.0.0.1 at 2016-10-03 16:02:21 +0530
Processing by PetsController#show as HTML
  Parameters: {"id"=>"1"}
  [1m[36mPet Load (0.2ms)[0m  [1mSELECT  `pets`.* FROM `pets` WHERE `pets`.`id` = 1 LIMIT 1[0m
  Rendered pets/show.html.erb within layouts/application (0.5ms)
Completed 200 OK in 11ms (Views: 10.0ms | ActiveRecord: 0.2ms)


Started GET "/pets" for 127.0.0.1 at 2016-10-03 16:02:24 +0530
Processing by PetsController#index as HTML
  [1m[35mPet Load (0.3ms)[0m  SELECT `pets`.* FROM `pets`
  Rendered pets/index.html.erb within layouts/application (1.7ms)
Completed 200 OK in 21ms (Views: 19.5ms | ActiveRecord: 0.3ms)


Started GET "/pets/1" for 127.0.0.1 at 2016-10-03 16:02:25 +0530
Processing by PetsController#show as HTML
  Parameters: {"id"=>"1"}
  [1m[36mPet Load (0.1ms)[0m  [1mSELECT  `pets`.* FROM `pets` WHERE `pets`.`id` = 1 LIMIT 1[0m
  Rendered pets/show.html.erb within layouts/application (0.4ms)
Completed 200 OK in 11ms (Views: 10.5ms | ActiveRecord: 0.1ms)


Started GET "/pets" for 127.0.0.1 at 2016-10-03 16:02:30 +0530
Processing by PetsController#index as HTML
  [1m[35mPet Load (0.1ms)[0m  SELECT `pets`.* FROM `pets`
  Rendered pets/index.html.erb within layouts/application (1.4ms)
Completed 200 OK in 21ms (Views: 20.0ms | ActiveRecord: 0.1ms)


Started DELETE "/pets/1" for 127.0.0.1 at 2016-10-03 16:02:35 +0530
Processing by PetsController#destroy as HTML
  Parameters: {"authenticity_token"=>"cpbMhzSC4eu7ftdUC9D6D4fppCe+kAfANy7pxArnqw55NPOA3dWGDNgB2jBC1iVlNyFWZW6qGQBvB3XYJAHONg==", "id"=>"1"}
  [1m[36mPet Load (0.2ms)[0m  [1mSELECT  `pets`.* FROM `pets` WHERE `pets`.`id` = 1 LIMIT 1[0m
  [1m[35m (0.2ms)[0m  BEGIN
  [1m[36mSQL (0.6ms)[0m  [1mDELETE FROM `pets` WHERE `pets`.`id` = 1[0m
  [1m[35m (40.7ms)[0m  COMMIT
Redirected to http://localhost:3000/pets
Completed 302 Found in 45ms (ActiveRecord: 41.8ms)


Started GET "/pets" for 127.0.0.1 at 2016-10-03 16:02:35 +0530
Processing by PetsController#index as HTML
  [1m[36mPet Load (0.4ms)[0m  [1mSELECT `pets`.* FROM `pets`[0m
  Rendered pets/index.html.erb within layouts/application (1.2ms)
Completed 200 OK in 11ms (Views: 10.2ms | ActiveRecord: 0.4ms)


Started GET "/pets/new" for 127.0.0.1 at 2016-10-03 16:02:38 +0530
Processing by PetsController#new as HTML
  Rendered pets/_form.html.erb (3.0ms)
  Rendered pets/new.html.erb within layouts/application (4.1ms)
Completed 200 OK in 23ms (Views: 22.2ms | ActiveRecord: 0.0ms)


Started GET "/pets" for 127.0.0.1 at 2016-10-03 16:02:41 +0530
Processing by PetsController#index as HTML
  [1m[35mPet Load (0.3ms)[0m  SELECT `pets`.* FROM `pets`
  Rendered pets/index.html.erb within layouts/application (0.9ms)
Completed 200 OK in 20ms (Views: 18.7ms | ActiveRecord: 0.3ms)


Started GET "/pets/new" for 127.0.0.1 at 2016-10-03 16:09:19 +0530
Processing by PetsController#new as HTML
Completed 500 Internal Server Error in 128ms (ActiveRecord: 0.0ms)

SyntaxError (/home/local/BLR/ishwar.kumar/Documents/mypets/app/models/pet.rb:4: syntax error, unexpected ':', expecting keyword_end
	validate: image_size_validation
	         ^
/home/local/BLR/ishwar.kumar/Documents/mypets/app/models/pet.rb:9: syntax error, unexpected end-of-input, expecting keyword_end):
  app/models/pet.rb:4: syntax error, unexpected ':', expecting keyword_end
  app/models/pet.rb:9: syntax error, unexpected end-of-input, expecting keyword_end
  app/controllers/pets_controller.rb:17:in `new'


  Rendered /home/local/BLR/ishwar.kumar/.gem/ruby/2.3.0/gems/actionpack-4.2.5/lib/action_dispatch/middleware/templates/rescues/_source.erb (7.7ms)
  Rendered /home/local/BLR/ishwar.kumar/.gem/ruby/2.3.0/gems/actionpack-4.2.5/lib/action_dispatch/middleware/templates/rescues/_trace.html.erb (3.2ms)
  Rendered /home/local/BLR/ishwar.kumar/.gem/ruby/2.3.0/gems/actionpack-4.2.5/lib/action_dispatch/middleware/templates/rescues/_request_and_response.html.erb (1.1ms)
  Rendered /home/local/BLR/ishwar.kumar/.gem/ruby/2.3.0/gems/actionpack-4.2.5/lib/action_dispatch/middleware/templates/rescues/diagnostics.html.erb within rescues/layout (58.9ms)
  Rendered /home/local/BLR/ishwar.kumar/.gem/ruby/2.3.0/gems/web-console-2.3.0/lib/web_console/templates/_markup.html.erb (0.6ms)
  Rendered /home/local/BLR/ishwar.kumar/.gem/ruby/2.3.0/gems/web-console-2.3.0/lib/web_console/templates/_inner_console_markup.html.erb within layouts/inlined_string (0.5ms)
  Rendered /home/local/BLR/ishwar.kumar/.gem/ruby/2.3.0/gems/web-console-2.3.0/lib/web_console/templates/_prompt_box_markup.html.erb within layouts/inlined_string (0.4ms)
  Rendered /home/local/BLR/ishwar.kumar/.gem/ruby/2.3.0/gems/web-console-2.3.0/lib/web_console/templates/style.css.erb within layouts/inlined_string (0.4ms)
  Rendered /home/local/BLR/ishwar.kumar/.gem/ruby/2.3.0/gems/web-console-2.3.0/lib/web_console/templates/console.js.erb within layouts/javascript (20.9ms)
  Rendered /home/local/BLR/ishwar.kumar/.gem/ruby/2.3.0/gems/web-console-2.3.0/lib/web_console/templates/main.js.erb within layouts/javascript (0.4ms)
  Rendered /home/local/BLR/ishwar.kumar/.gem/ruby/2.3.0/gems/web-console-2.3.0/lib/web_console/templates/error_page.js.erb within layouts/javascript (0.4ms)
  Rendered /home/local/BLR/ishwar.kumar/.gem/ruby/2.3.0/gems/web-console-2.3.0/lib/web_console/templates/index.html.erb (47.6ms)


Started GET "/pets/new" for 127.0.0.1 at 2016-10-03 16:09:53 +0530
Processing by PetsController#new as HTML
Completed 500 Internal Server Error in 2ms (ActiveRecord: 0.0ms)

SyntaxError (/home/local/BLR/ishwar.kumar/Documents/mypets/app/models/pet.rb:9: syntax error, unexpected end-of-input, expecting keyword_end):
  app/models/pet.rb:9: syntax error, unexpected end-of-input, expecting keyword_end
  app/controllers/pets_controller.rb:17:in `new'


  Rendered /home/local/BLR/ishwar.kumar/.gem/ruby/2.3.0/gems/actionpack-4.2.5/lib/action_dispatch/middleware/templates/rescues/_source.erb (4.8ms)
  Rendered /home/local/BLR/ishwar.kumar/.gem/ruby/2.3.0/gems/actionpack-4.2.5/lib/action_dispatch/middleware/templates/rescues/_trace.html.erb (2.3ms)
  Rendered /home/local/BLR/ishwar.kumar/.gem/ruby/2.3.0/gems/actionpack-4.2.5/lib/action_dispatch/middleware/templates/rescues/_request_and_response.html.erb (0.7ms)
  Rendered /home/local/BLR/ishwar.kumar/.gem/ruby/2.3.0/gems/actionpack-4.2.5/lib/action_dispatch/middleware/templates/rescues/diagnostics.html.erb within rescues/layout (19.0ms)
  Rendered /home/local/BLR/ishwar.kumar/.gem/ruby/2.3.0/gems/web-console-2.3.0/lib/web_console/templates/_markup.html.erb (0.4ms)
  Rendered /home/local/BLR/ishwar.kumar/.gem/ruby/2.3.0/gems/web-console-2.3.0/lib/web_console/templates/_inner_console_markup.html.erb within layouts/inlined_string (0.2ms)
  Rendered /home/local/BLR/ishwar.kumar/.gem/ruby/2.3.0/gems/web-console-2.3.0/lib/web_console/templates/_prompt_box_markup.html.erb within layouts/inlined_string (0.2ms)
  Rendered /home/local/BLR/ishwar.kumar/.gem/ruby/2.3.0/gems/web-console-2.3.0/lib/web_console/templates/style.css.erb within layouts/inlined_string (0.2ms)
  Rendered /home/local/BLR/ishwar.kumar/.gem/ruby/2.3.0/gems/web-console-2.3.0/lib/web_console/templates/console.js.erb within layouts/javascript (10.9ms)
  Rendered /home/local/BLR/ishwar.kumar/.gem/ruby/2.3.0/gems/web-console-2.3.0/lib/web_console/templates/main.js.erb within layouts/javascript (0.6ms)
  Rendered /home/local/BLR/ishwar.kumar/.gem/ruby/2.3.0/gems/web-console-2.3.0/lib/web_console/templates/error_page.js.erb within layouts/javascript (0.6ms)
  Rendered /home/local/BLR/ishwar.kumar/.gem/ruby/2.3.0/gems/web-console-2.3.0/lib/web_console/templates/index.html.erb (25.1ms)


Started GET "/pets/new" for 127.0.0.1 at 2016-10-03 16:10:46 +0530
Processing by PetsController#new as HTML
  Rendered pets/_form.html.erb (2.2ms)
  Rendered pets/new.html.erb within layouts/application (17.9ms)
Completed 200 OK in 304ms (Views: 127.9ms | ActiveRecord: 149.3ms)


Started GET "/assets/pets.self-e3b0c44298fc1c149afbf4c8996fb92427ae41e4649b934ca495991b7852b855.css?body=1" for 127.0.0.1 at 2016-10-03 16:10:46 +0530


Started GET "/assets/scaffolds.self-929668f104ece120edb2a80a46187cf7aa9f029cb6e3bb533306ed9a81391f7f.css?body=1" for 127.0.0.1 at 2016-10-03 16:10:46 +0530


Started GET "/assets/pets.self-877aef30ae1b040ab8a3aba4e3e309a11d7f2612f44dde450b5c157aa5f95c05.js?body=1" for 127.0.0.1 at 2016-10-03 16:10:46 +0530


Started GET "/assets/application.self-e80e8f2318043e8af94dddc2adad5a4f09739a8ebb323b3ab31cd71d45fd9113.css?body=1" for 127.0.0.1 at 2016-10-03 16:10:46 +0530


Started GET "/assets/jquery.self-bd7ddd393353a8d2480a622e80342adf488fb6006d667e8b42e4c0073393abee.js?body=1" for 127.0.0.1 at 2016-10-03 16:10:46 +0530


Started GET "/assets/jquery_ujs.self-784a997f6726036b1993eb2217c9cb558e1cbb801c6da88105588c56f13b466a.js?body=1" for 127.0.0.1 at 2016-10-03 16:10:46 +0530


Started GET "/assets/application.self-3b8dabdc891efe46b9a144b400ad69e37d7e5876bdc39dee783419a69d7ca819.js?body=1" for 127.0.0.1 at 2016-10-03 16:10:46 +0530


Started GET "/assets/turbolinks.self-c5acd7a204f5f25ce7a1d8a0e4d92e28d34c9e2df2c7371cd7af88e147e4ad82.js?body=1" for 127.0.0.1 at 2016-10-03 16:10:46 +0530


Started POST "/pets" for 127.0.0.1 at 2016-10-03 16:11:07 +0530
Processing by PetsController#create as HTML
  Parameters: {"utf8"=>"✓", "authenticity_token"=>"ppeMl1E0791KqRaHRPmwiaxZ2fYrZAAS9GPesIRvkUOtNbOQuGOIOinWG+MN/2/jHJErtPteHtKsSkKsqon0ew==", "pet"=>{"name"=>"ghfg", "description"=>"gfhg", "image"=>#<ActionDispatch::Http::UploadedFile:0x007f1e6a2fbcc0 @tempfile=#<Tempfile:/tmp/RackMultipart20161003-5580-cxzh9u.jpg>, @original_filename="Frog_on_river_4000x3000_26-09-2010_11-01am_2mb.jpg", @content_type="image/jpeg", @headers="Content-Disposition: form-data; name=\"pet[image]\"; filename=\"Frog_on_river_4000x3000_26-09-2010_11-01am_2mb.jpg\"\r\nContent-Type: image/jpeg\r\n">, "remove_image"=>"0"}, "commit"=>"Create Pet"}
  [1m[36m (0.2ms)[0m  [1mBEGIN[0m
  [1m[35m (0.1ms)[0m  ROLLBACK
  Rendered pets/_form.html.erb (2.0ms)
  Rendered pets/new.html.erb within layouts/application (2.5ms)
Completed 200 OK in 1281ms (Views: 12.2ms | ActiveRecord: 0.3ms)
